<?xml version="1.0" encoding="UTF-8"?>
<!-- Generated by org.testng.reporters.JUnitReportReporter -->
<testsuite hostname="LAPTOP-DENRBFPO" failures="0" tests="1" name="LoginTest.NinzaHRmLoginTest" time="0.051" errors="0" timestamp="2024-08-10T21:52:58 IST" skipped="0">
  <testcase classname="LoginTest.NinzaHRmLoginTest" name="dateMethodTest" time="0.051"/>
  <system-out/>
</testsuite> <!-- LoginTest.NinzaHRmLoginTest -->
